2025-07-10T22:27:24.366398+0300 | INFO | 0.5932624340057373
2025-07-10T22:27:24.367029+0300 | INFO | 965 files have extension .torrent and total size 56.44mb
2025-07-10T22:27:24.367447+0300 | INFO | 1 files have extension .xlsm# and total size 0.0mb
2025-07-10T22:27:24.367790+0300 | INFO | 113 files have extension .pdf and total size 1414.08mb
2025-07-10T22:27:24.368112+0300 | INFO | 660 files have extension .epub and total size 1052.3mb
2025-07-10T22:27:24.368457+0300 | INFO | 20 files have extension .zip and total size 136.12mb
2025-07-10T22:27:24.368764+0300 | INFO | 23 files have extension .exe and total size 1813.04mb
2025-07-10T22:27:24.369071+0300 | INFO | 2 files have extension .rar and total size 4.6mb
2025-07-10T22:27:24.369384+0300 | INFO | 10 files have extension .djvu and total size 227.83mb
2025-07-10T22:27:24.369680+0300 | INFO | 2 files have extension .xlsm and total size 5.67mb
2025-07-10T22:27:24.369976+0300 | INFO | 1 files have extension .jpg and total size 4.4mb
2025-07-10T22:27:24.370324+0300 | INFO | 3 files have extension .msi and total size 61.37mb
2025-07-10T22:27:24.370646+0300 | INFO | 1 files have extension .ini and total size 0.0mb
2025-07-10T22:27:24.370972+0300 | INFO | 13 files have extension .png and total size 3.27mb
2025-07-10T22:27:24.371268+0300 | INFO | 1 files have extension .mp3 and total size 9.03mb
2025-07-10T22:27:24.371628+0300 | INFO | 1 files have extension .apk and total size 47.39mb
2025-07-10T22:27:24.371929+0300 | INFO | 9 files have extension .fig and total size 108.87mb
2025-07-10T22:27:24.372234+0300 | INFO | 4 files have extension .docx and total size 9.46mb
2025-07-10T22:27:24.372546+0300 | INFO | 2 files have extension .gz and total size 0.88mb
2025-07-10T22:27:24.372830+0300 | INFO | 3 files have extension .mobi and total size 12.49mb
2025-07-10T22:27:24.373114+0300 | INFO | 1 files have extension .txt and total size 0.0mb
2025-07-10T22:27:24.373420+0300 | INFO | 2 files have extension .doc and total size 7.62mb
2025-07-10T22:27:24.373721+0300 | INFO | 2 files have extension .mp4 and total size 176.49mb
2025-07-10T22:27:24.374008+0300 | INFO | 1 files have extension .fb2 and total size 0.96mb
2025-07-10T22:27:24.374303+0300 | INFO | 1 files have extension .gpx and total size 0.16mb
2025-07-10T22:27:24.374585+0300 | INFO | 1 files have extension .kmz and total size 0.02mb
